The system is: Windows - 10.0.17763 - AMD64
Compiling the C compiler identification source file "CMakeCCompilerId.c" succeeded.
Compiler: C:/Program Files (x86)/Microsoft Visual Studio/2019/Community/VC/Tools/MSVC/14.20.27508/bin/Hostx86/x86/cl.exe 
Build flags: 
Id flags:  

The output was:
0
Compilateur d'optimisation Microsoft (R) C/C++ version 19.20.27508.1 pour x86
Copyright (C) Microsoft Corporation. Tous droits réservés.

CMakeCCompilerId.c
Microsoft (R) Incremental Linker Version 14.20.27508.1
Copyright (C) Microsoft Corporation.  All rights reserved.

/out:CMakeCCompilerId.exe 
CMakeCCompilerId.obj 


Compilation of the C compiler identification source "CMakeCCompilerId.c" produced "CMakeCCompilerId.exe"

Compilation of the C compiler identification source "CMakeCCompilerId.c" produced "CMakeCCompilerId.obj"

The C compiler identification is MSVC, found in "C:/Users/33645/CLionProjects/TP1/cmake-build-debug/CMakeFiles/3.15.3/CompilerIdC/CMakeCCompilerId.exe"

Determining if the C compiler works passed with the following output:
Change Dir: C:/Users/33645/CLionProjects/TP1/cmake-build-debug/CMakeFiles/CMakeTmp

Run Build Command(s):nmake /nologo cmTC_2602e\fast && 	"C:\Program Files (x86)\Microsoft Visual Studio\2019\Community\VC\Tools\MSVC\14.20.27508\bin\HostX86\x86\nmake.exe" -f CMakeFiles\cmTC_2602e.dir\build.make /nologo -L                  CMakeFiles\cmTC_2602e.dir\build
Building C object CMakeFiles/cmTC_2602e.dir/testCCompiler.c.obj
	C:\PROGRA~2\MICROS~2\2019\COMMUN~1\VC\Tools\MSVC\1420~1.275\bin\Hostx86\x86\cl.exe @C:\Users\33645\AppData\Local\Temp\nm77EB.tmp
testCCompiler.c
Linking C executable cmTC_2602e.exe
	C:\Users\33645\AppData\Local\JetBrains\Toolbox\apps\CLion\ch-0\193.6015.37\bin\cmake\win\bin\cmake.exe -E vs_link_exe --intdir=CMakeFiles\cmTC_2602e.dir --rc=C:\PROGRA~2\WI3CF2~1\10\bin\100177~1.0\x86\rc.exe --mt=C:\PROGRA~2\WI3CF2~1\10\bin\100177~1.0\x86\mt.exe --manifests  -- C:\PROGRA~2\MICROS~2\2019\COMMUN~1\VC\Tools\MSVC\1420~1.275\bin\Hostx86\x86\link.exe /nologo @CMakeFiles\cmTC_2602e.dir\objects1.rsp @C:\Users\33645\AppData\Local\Temp\nm782A.tmp



Detecting C compiler ABI info compiled with the following output:
Change Dir: C:/Users/33645/CLionProjects/TP1/cmake-build-debug/CMakeFiles/CMakeTmp

Run Build Command(s):nmake /nologo cmTC_fce7b\fast && 	"C:\Program Files (x86)\Microsoft Visual Studio\2019\Community\VC\Tools\MSVC\14.20.27508\bin\HostX86\x86\nmake.exe" -f CMakeFiles\cmTC_fce7b.dir\build.make /nologo -L                  CMakeFiles\cmTC_fce7b.dir\build
Building C object CMakeFiles/cmTC_fce7b.dir/CMakeCCompilerABI.c.obj
	C:\PROGRA~2\MICROS~2\2019\COMMUN~1\VC\Tools\MSVC\1420~1.275\bin\Hostx86\x86\cl.exe @C:\Users\33645\AppData\Local\Temp\nm79B0.tmp
CMakeCCompilerABI.c
Linking C executable cmTC_fce7b.exe
	C:\Users\33645\AppData\Local\JetBrains\Toolbox\apps\CLion\ch-0\193.6015.37\bin\cmake\win\bin\cmake.exe -E vs_link_exe --intdir=CMakeFiles\cmTC_fce7b.dir --rc=C:\PROGRA~2\WI3CF2~1\10\bin\100177~1.0\x86\rc.exe --mt=C:\PROGRA~2\WI3CF2~1\10\bin\100177~1.0\x86\mt.exe --manifests  -- C:\PROGRA~2\MICROS~2\2019\COMMUN~1\VC\Tools\MSVC\1420~1.275\bin\Hostx86\x86\link.exe /nologo @CMakeFiles\cmTC_fce7b.dir\objects1.rsp @C:\Users\33645\AppData\Local\Temp\nm79F0.tmp



